Arguments: 
  /home/reinaldo-santos/.nvm/versions/node/v18.16.1/bin/node /home/reinaldo-santos/.nvm/versions/node/v18.16.1/bin/yarn add tpescript

PATH: 
  /home/reinaldo-santos/.nvm/versions/node/v18.16.1/bin:/usr/local/sbin:/usr/local/bin:/usr/sbin:/usr/bin:/sbin:/bin:/usr/games:/usr/local/games:/snap/bin:/usr/local/go/bin:/home/reinaldo-santos/flutter/bin:/home/reinaldo-santos/Android/Sdk/platform-tools/:/home/reinaldo-santos/home/reinaldo-santos/Android/Sdk/tools/:/home/reinaldo-santos/flutter/bin/cache/dart-sdk/bin:/home/reinaldo-santos/.pub-cache/bin

Yarn version: 
  1.22.19

Node version: 
  18.16.1

Platform: 
  linux x64

Trace: 
  Error: https://registry.yarnpkg.com/tpescript: Not found
      at params.callback [as _callback] (/home/reinaldo-santos/.nvm/versions/node/v18.16.1/lib/node_modules/yarn/lib/cli.js:66145:18)
      at self.callback (/home/reinaldo-santos/.nvm/versions/node/v18.16.1/lib/node_modules/yarn/lib/cli.js:140890:22)
      at Request.emit (node:events:513:28)
      at Request.<anonymous> (/home/reinaldo-santos/.nvm/versions/node/v18.16.1/lib/node_modules/yarn/lib/cli.js:141862:10)
      at Request.emit (node:events:513:28)
      at IncomingMessage.<anonymous> (/home/reinaldo-santos/.nvm/versions/node/v18.16.1/lib/node_modules/yarn/lib/cli.js:141784:12)
      at Object.onceWrapper (node:events:627:28)
      at IncomingMessage.emit (node:events:525:35)
      at endReadableNT (node:internal/streams/readable:1359:12)
      at process.processTicksAndRejections (node:internal/process/task_queues:82:21)

npm manifest: 
  {
    "name": "att_token_tecnospeed",
    "version": "1.0.0",
    "main": "index.js",
    "license": "MIT"
  }

yarn manifest: 
  No manifest

Lockfile: 
  No lockfile
